# JRE version: Java(TM) SE Runtime Environment (8.0_162-b12) (build 1.8.0_162-b12)
# Java VM: Java HotSpot(TM) 64-Bit Server VM (25.162-b12 mixed mode linux-amd64 compressed oops)
Heap:
 PSYoungGen      total 479232K, used 27793K [0x0000000780000000, 0x000000079ef80000, 0x00000007c0000000)
  eden space 451072K, 0% used [0x0000000780000000,0x0000000780000000,0x000000079b880000)
  from space 28160K, 98% used [0x000000079b880000,0x000000079d3a4408,0x000000079d400000)
  to   space 24576K, 0% used [0x000000079d780000,0x000000079d780000,0x000000079ef80000)
 ParOldGen       total 156672K, used 24055K [0x0000000700000000, 0x0000000709900000, 0x0000000780000000)
  object space 156672K, 15% used [0x0000000700000000,0x000000070177dff0,0x0000000709900000)
 Metaspace       used 55763K, capacity 57287K, committed 57600K, reserved 1099776K
  class space    used 7031K, capacity 7351K, committed 7424K, reserved 1048576K
GC Heap History (10 events):
Event: 10.894 GC heap after
Heap after GC invocations=12 (full 2):
 PSYoungGen      total 242176K, used 11499K [0x0000000780000000, 0x000000078fc80000, 0x00000007c0000000)
  eden space 230400K, 0% used [0x0000000780000000,0x0000000780000000,0x000000078e100000)
  from space 11776K, 97% used [0x000000078ee00000,0x000000078f93afd0,0x000000078f980000)
  to   space 13312K, 0% used [0x000000078e100000,0x000000078e100000,0x000000078ee00000)
 ParOldGen       total 156672K, used 11023K [0x0000000700000000, 0x0000000709900000, 0x0000000780000000)
  object space 156672K, 7% used [0x0000000700000000,0x0000000700ac3e80,0x0000000709900000)
 Metaspace       used 39657K, capacity 40660K, committed 41088K, reserved 1085440K
  class space    used 5166K, capacity 5380K, committed 5504K, reserved 1048576K
}
Event: 12.651 GC heap before
{Heap before GC invocations=13 (full 2):
 PSYoungGen      total 242176K, used 241899K [0x0000000780000000, 0x000000078fc80000, 0x00000007c0000000)
  eden space 230400K, 100% used [0x0000000780000000,0x000000078e100000,0x000000078e100000)
  from space 11776K, 97% used [0x000000078ee00000,0x000000078f93afd0,0x000000078f980000)
  to   space 13312K, 0% used [0x000000078e100000,0x000000078e100000,0x000000078ee00000)
 ParOldGen       total 156672K, used 11023K [0x0000000700000000, 0x0000000709900000, 0x0000000780000000)
  object space 156672K, 7% used [0x0000000700000000,0x0000000700ac3e80,0x0000000709900000)
 Metaspace       used 47447K, capacity 48505K, committed 48896K, reserved 1091584K
  class space    used 6086K, capacity 6342K, committed 6400K, reserved 1048576K
Event: 12.736 GC heap after
Heap after GC invocations=13 (full 2):
 PSYoungGen      total 243712K, used 13288K [0x0000000780000000, 0x0000000795280000, 0x00000007c0000000)
  eden space 230400K, 0% used [0x0000000780000000,0x0000000780000000,0x000000078e100000)
  from space 13312K, 99% used [0x000000078e100000,0x000000078edfa048,0x000000078ee00000)
  to   space 17408K, 0% used [0x0000000794180000,0x0000000794180000,0x0000000795280000)
 ParOldGen       total 156672K, used 17672K [0x0000000700000000, 0x0000000709900000, 0x0000000780000000)
  object space 156672K, 11% used [0x0000000700000000,0x0000000701142310,0x0000000709900000)
 Metaspace       used 47447K, capacity 48505K, committed 48896K, reserved 1091584K
  class space    used 6086K, capacity 6342K, committed 6400K, reserved 1048576K
}
Event: 14.241 GC heap before
{Heap before GC invocations=14 (full 2):
 PSYoungGen      total 243712K, used 243688K [0x0000000780000000, 0x0000000795280000, 0x00000007c0000000)
  eden space 230400K, 100% used [0x0000000780000000,0x000000078e100000,0x000000078e100000)
  from space 13312K, 99% used [0x000000078e100000,0x000000078edfa048,0x000000078ee00000)
  to   space 17408K, 0% used [0x0000000794180000,0x0000000794180000,0x0000000795280000)
 ParOldGen       total 156672K, used 17672K [0x0000000700000000, 0x0000000709900000, 0x0000000780000000)
  object space 156672K, 11% used [0x0000000700000000,0x0000000701142310,0x0000000709900000)
 Metaspace       used 51891K, capacity 53067K, committed 53248K, reserved 1095680K
  class space    used 6611K, capacity 6865K, committed 6912K, reserved 1048576K
Event: 14.251 GC heap after
Heap after GC invocations=14 (full 2):
 PSYoungGen      total 324096K, used 17384K [0x0000000780000000, 0x0000000795480000, 0x00000007c0000000)
  eden space 306688K, 0% used [0x0000000780000000,0x0000000780000000,0x0000000792b80000)
  from space 17408K, 99% used [0x0000000794180000,0x000000079527a058,0x0000000795280000)
  to   space 20992K, 0% used [0x0000000792b80000,0x0000000792b80000,0x0000000794000000)
 ParOldGen       total 156672K, used 20256K [0x0000000700000000, 0x0000000709900000, 0x0000000780000000)
  object space 156672K, 12% used [0x0000000700000000,0x00000007013c8360,0x0000000709900000)
 Metaspace       used 51891K, capacity 53067K, committed 53248K, reserved 1095680K
  class space    used 6611K, capacity 6865K, committed 6912K, reserved 1048576K
}
Event: 16.085 GC heap before
{Heap before GC invocations=15 (full 2):
 PSYoungGen      total 324096K, used 324072K [0x0000000780000000, 0x0000000795480000, 0x00000007c0000000)
  eden space 306688K, 100% used [0x0000000780000000,0x0000000792b80000,0x0000000792b80000)
  from space 17408K, 99% used [0x0000000794180000,0x000000079527a058,0x0000000795280000)
  to   space 20992K, 0% used [0x0000000792b80000,0x0000000792b80000,0x0000000794000000)
 ParOldGen       total 156672K, used 20256K [0x0000000700000000, 0x0000000709900000, 0x0000000780000000)
  object space 156672K, 12% used [0x0000000700000000,0x00000007013c8360,0x0000000709900000)
 Metaspace       used 52605K, capacity 53931K, committed 54144K, reserved 1095680K
  class space    used 6676K, capacity 6957K, committed 7040K, reserved 1048576K
Event: 16.431 GC heap after
Heap after GC invocations=15 (full 2):
 PSYoungGen      total 327680K, used 20968K [0x0000000780000000, 0x000000079ef80000, 0x00000007c0000000)
  eden space 306688K, 0% used [0x0000000780000000,0x0000000780000000,0x0000000792b80000)
  from space 20992K, 99% used [0x0000000792b80000,0x0000000793ffa058,0x0000000794000000)
  to   space 24576K, 0% used [0x000000079d780000,0x000000079d780000,0x000000079ef80000)
 ParOldGen       total 156672K, used 21144K [0x0000000700000000, 0x0000000709900000, 0x0000000780000000)
  object space 156672K, 13% used [0x0000000700000000,0x00000007014a6360,0x0000000709900000)
 Metaspace       used 52605K, capacity 53931K, committed 54144K, reserved 1095680K
  class space    used 6676K, capacity 6957K, committed 7040K, reserved 1048576K
}
Event: 18.299 GC heap before
{Heap before GC invocations=16 (full 2):
 PSYoungGen      total 327680K, used 327656K [0x0000000780000000, 0x000000079ef80000, 0x00000007c0000000)
  eden space 306688K, 100% used [0x0000000780000000,0x0000000792b80000,0x0000000792b80000)
  from space 20992K, 99% used [0x0000000792b80000,0x0000000793ffa058,0x0000000794000000)
  to   space 24576K, 0% used [0x000000079d780000,0x000000079d780000,0x000000079ef80000)
 ParOldGen       total 156672K, used 21144K [0x0000000700000000, 0x0000000709900000, 0x0000000780000000)
  object space 156672K, 13% used [0x0000000700000000,0x00000007014a6360,0x0000000709900000)
 Metaspace       used 53756K, capacity 55139K, committed 55296K, reserved 1097728K
  class space    used 6797K, capacity 7107K, committed 7168K, reserved 1048576K
Event: 18.311 GC heap after
Heap after GC invocations=16 (full 2):
 PSYoungGen      total 475648K, used 24488K [0x0000000780000000, 0x000000079ef80000, 0x00000007c0000000)
  eden space 451072K, 0% used [0x0000000780000000,0x0000000780000000,0x000000079b880000)
  from space 24576K, 99% used [0x000000079d780000,0x000000079ef6a058,0x000000079ef80000)
  to   space 28160K, 0% used [0x000000079b880000,0x000000079b880000,0x000000079d400000)
 ParOldGen       total 156672K, used 21152K [0x0000000700000000, 0x0000000709900000, 0x0000000780000000)
  object space 156672K, 13% used [0x0000000700000000,0x00000007014a8360,0x0000000709900000)
 Metaspace       used 53756K, capacity 55139K, committed 55296K, reserved 1097728K
  class space    used 6797K, capacity 7107K, committed 7168K, reserved 1048576K
}
Event: 23.093 GC heap before
{Heap before GC invocations=17 (full 2):
 PSYoungGen      total 475648K, used 475560K [0x0000000780000000, 0x000000079ef80000, 0x00000007c0000000)
  eden space 451072K, 100% used [0x0000000780000000,0x000000079b880000,0x000000079b880000)
  from space 24576K, 99% used [0x000000079d780000,0x000000079ef6a058,0x000000079ef80000)
  to   space 28160K, 0% used [0x000000079b880000,0x000000079b880000,0x000000079d400000)
 ParOldGen       total 156672K, used 21152K [0x0000000700000000, 0x0000000709900000, 0x0000000780000000)
  object space 156672K, 13% used [0x0000000700000000,0x00000007014a8360,0x0000000709900000)
 Metaspace       used 55763K, capacity 57287K, committed 57600K, reserved 1099776K
  class space    used 7031K, capacity 7351K, committed 7424K, reserved 1048576K

